#
# A fatal error has been detected by the Java Runtime Environment:
#
#  EXCEPTION_ACCESS_VIOLATION (0xc0000005) at pc=0x00007fff164ae1a8, pid=23304, tid=0x00000000000019f8
#
# JRE version: Java(TM) SE Runtime Environment (8.0_191-b12) (build 1.8.0_191-b12)
# Java VM: Java HotSpot(TM) 64-Bit Server VM (25.191-b12 mixed mode windows-amd64 compressed oops)
# Problematic frame:
# C  0x00007fff164ae1a8
#
# Failed to write core dump. Minidumps are not enabled by default on client versions of Windows
#
# If you would like to submit a bug report, please visit:
#   http://bugreport.java.com/bugreport/crash.jsp
# The crash happened outside the Java Virtual Machine in native code.
# See problematic frame for where to report the bug.
#

---------------  T H R E A D  ---------------

Current thread (0x0000019066442800):  JavaThread "main" [_thread_in_native, id=6648, stack(0x0000000e6d200000,0x0000000e6d3f0000)]

siginfo: ExceptionCode=0xc0000005, writing address 0x0000000000000000

Registers:
RAX=0x0000000000000000, RBX=0x0000000000000000, RCX=0x000001904c8c67a0, RDX=0x0000000000000000
RSP=0x0000000e6d3d3dc0, RBP=0x0000000e6d3d6590, RSI=0x0000019068ae8be0, RDI=0x00007ffefd9b2b50
R8 =0x0000000000000004, R9 =0x00000190663c8540, R10=0x00000190024099b8, R11=0x0000000e6d3d3db0
R12=0x0000000e6d3d3fc0, R13=0x0000000e6d3d82e0, R14=0x0000019006c24560, R15=0x0000000000000000
RIP=0x00007fff164ae1a8, EFLAGS=0x0000000000010246

Top of Stack: (sp=0x0000000e6d3d3dc0)
0x0000000e6d3d3dc0:   0000000000000000 0000000000000000
0x0000000e6d3d3dd0:   0000019068ae8be0 00007ffefd9b2b50
0x0000000e6d3d3de0:   fffffffffffffffe 00007ffefd61b701
0x0000000e6d3d3df0:   00007ffefd9b2b50 0000000000000000
0x0000000e6d3d3e00:   0000019068ae8be0 00000190664429f8
0x0000000e6d3d3e10:   0000019068ae0100 00007ffefd9b2b50
0x0000000e6d3d3e20:   0000000000000000 0000019025e71a40
0x0000000e6d3d3e30:   0000425a51518f01 00000190022ab310
0x0000000e6d3d3e40:   0000000e6d3d52c8 00007fff164ad59a
0x0000000e6d3d3e50:   00000190664429f8 00000190664429f8
0x0000000e6d3d3e60:   000001906af7c110 0000019068ae8be0
0x0000000e6d3d3e70:   0000000000000000 000001906af7c110
0x0000000e6d3d3e80:   0000019068ae8be0 00000190664429f8
0x0000000e6d3d3e90:   0000000000000000 00007fff39e0b1cb
0x0000000e6d3d3ea0:   fffffffffffffffe 0000000e6d3d4510
0x0000000e6d3d3eb0:   000002bfed06f584 0000000a656e6f4e 

Instructions: (pc=0x00007fff164ae1a8)
0x00007fff164ae188:   08 01 00 00 48 ff 07 4c 8d 0d 1a de 00 00 4c 8b
0x00007fff164ae198:   c7 49 8b d6 e8 ef db 00 00 48 8b 8e 08 01 00 00
0x00007fff164ae1a8:   48 ff 03 4c 8d 0d fe dd 00 00 4c 8b c3 49 8b d6
0x00007fff164ae1b8:   e8 d3 db 00 00 c6 44 24 70 00 48 8b 4c 24 48 48 


Register to memory mapping:

RAX=0x0000000000000000 is an unknown value
RBX=0x0000000000000000 is an unknown value
RCX=0x000001904c8c67a0 is an unknown value
RDX=0x0000000000000000 is an unknown value
RSP=0x0000000e6d3d3dc0 is pointing into the stack for thread: 0x0000019066442800
RBP=0x0000000e6d3d6590 is pointing into the stack for thread: 0x0000019066442800
RSI=0x0000019068ae8be0 is an unknown value
RDI=0x00007ffefd9b2b50 is an unknown value
R8 =0x0000000000000004 is an unknown value
R9 =0x00000190663c8540 is an unknown value
R10={method} {0x00000190024099c0} 'registerRef' '(Ljava/lang/Object;JJ)V' in 'org/jpype/ref/JPypeReferenceQueue'
R11=0x0000000e6d3d3db0 is pointing into the stack for thread: 0x0000019066442800
R12=0x0000000e6d3d3fc0 is pointing into the stack for thread: 0x0000019066442800
R13=0x0000000e6d3d82e0 is pointing into the stack for thread: 0x0000019066442800
R14=0x0000019006c24560 is an unknown value
R15=0x0000000000000000 is an unknown value


Stack: [0x0000000e6d200000,0x0000000e6d3f0000],  sp=0x0000000e6d3d3dc0,  free space=1871k
Native frames: (J=compiled Java code, j=interpreted, Vv=VM code, C=native code)
C  0x00007fff164ae1a8
C  0x00007fff164ad59a
C  0x00007fff164dfae9
C  [VCRUNTIME140.dll+0x1030]
C  [VCRUNTIME140.dll+0x32f8]
C  [ntdll.dll+0xa0616]
C  0x00007fff164c2b7b
